#
# A fatal error has been detected by the Java Runtime Environment:
#
#  Internal Error (classfile/classLoader.hpp:129), pid=7912, tid=660
#  Error: ShouldNotReachHere()
#
# JRE version: OpenJDK Runtime Environment Corretto-17.0.6.10.1 (17.0.6+10) (build 17.0.6+10-LTS)
# Java VM: OpenJDK 64-Bit Server VM Corretto-17.0.6.10.1 (17.0.6+10-LTS, mixed mode, emulated-client, sharing, tiered, compressed oops, compressed class ptrs, g1 gc, windows-amd64)
# No core dump will be written. Minidumps are not enabled by default on client versions of Windows
#
# If you would like to submit a bug report, please visit:
#   https://github.com/corretto/corretto-17/issues/
#

---------------  S U M M A R Y ------------

Command Line: -agentlib:jdwp=transport=dt_socket,address=127.0.0.1:49992,suspend=y,server=n -XX:TieredStopAtLevel=1 -Dspring.output.ansi.enabled=always -Dcom.sun.management.jmxremote -Dspring.jmx.enabled=true -Dspring.liveBeansView.mbeanDomain -Dspring.application.admin.enabled=true -Dmanagement.endpoints.jmx.exposure.include=* -javaagent:C:\Users\marti\AppData\Local\JetBrains\IntelliJIdea2022.3\captureAgent\debugger-agent.jar -Dfile.encoding=UTF-8 gerenciador.casadeFamilia.casadeFamilia.CasadeFamiliaApplication

Host: Intel(R) Core(TM) i5-8265U CPU @ 1.60GHz, 8 cores, 7G,  Windows 11 , 64 bit Build 22621 (10.0.22621.1485)
Time: Sun Apr 16 11:35:42 2023 Hora oficial do Brasil elapsed time: 10.385197 seconds (0d 0h 0m 10s)

---------------  T H R E A D  ---------------

Current thread (0x0000016fc00cc820):  JavaThread "Attach Listener" daemon [_thread_in_vm, id=660, stack(0x0000006254800000,0x0000006254900000)]

Stack: [0x0000006254800000,0x0000006254900000]
Native frames: (J=compiled Java code, j=interpreted, Vv=VM code, C=native code)
V  [jvm.dll+0x64b39a]
V  [jvm.dll+0x7ff044]
V  [jvm.dll+0x8007fe]
V  [jvm.dll+0x800e07]
V  [jvm.dll+0x23579c]
V  [jvm.dll+0x235703]
V  [jvm.dll+0x1e256a]
V  [jvm.dll+0x2b0e30]
V  [jvm.dll+0x2b206c]
V  [jvm.dll+0x5174fd]
V  [jvm.dll+0x77c886]
V  [jvm.dll+0x77c4ff]
V  [jvm.dll+0x77d891]
V  [jvm.dll+0x77dbc8]
V  [jvm.dll+0x22ddda]
V  [jvm.dll+0x22e02f]
V  [jvm.dll+0x534838]
V  [jvm.dll+0x53774e]
V  [jvm.dll+0x36e1e9]
V  [jvm.dll+0x36d7ef]
C  0x0000016fb59f4b63

Java frames: (J=compiled Java code, j=interpreted, Vv=VM code)
j  java.util.TimeZone.getTimeZone(Ljava/lang/String;Z)Ljava/util/TimeZone;+1 java.base@17.0.6
j  java.util.TimeZone.setDefaultZone()Ljava/util/TimeZone;+48 java.base@17.0.6
j  java.util.TimeZone.getDefaultRef()Ljava/util/TimeZone;+8 java.base@17.0.6
j  java.util.Date.normalize()Lsun/util/calendar/BaseCalendar$Date;+21 java.base@17.0.6
j  java.util.Date.toString()Ljava/lang/String;+1 java.base@17.0.6
j  java.util.Properties.store0(Ljava/io/BufferedWriter;Ljava/lang/String;Z)V+29 java.base@17.0.6
j  java.util.Properties.store(Ljava/io/OutputStream;Ljava/lang/String;)V+21 java.base@17.0.6
j  jdk.internal.vm.VMSupport.serializePropertiesToByteArray(Ljava/util/Properties;)[B+77 java.base@17.0.6
j  jdk.internal.vm.VMSupport.serializeAgentPropertiesToByteArray()[B+3 java.base@17.0.6
v  ~StubRoutines::call_stub

---------------  P R O C E S S  ---------------

Threads class SMR info:
_java_thread_list=0x0000016fc0d44ea0, length=15, elements={
0x0000016fadee29c0, 0x0000016fc00b4ac0, 0x0000016fc00b7590, 0x0000016fc00c9f50,
0x0000016fc00cc820, 0x0000016fc00d10f0, 0x0000016fc00d2150, 0x0000016fc00d4270,
0x0000016fc00d8810, 0x0000016fc0c87430, 0x0000016fc0ce4d40, 0x0000016fc0ce9180,
0x0000016fc0ce9670, 0x0000016fc0d0e970, 0x0000016fc0d71910
}

Java Threads: ( => current thread )
  0x0000016fadee29c0 JavaThread "main" [_thread_in_vm, id=15812, stack(0x0000006253e00000,0x0000006253f00000)]
  0x0000016fc00b4ac0 JavaThread "Reference Handler" daemon [_thread_blocked, id=14216, stack(0x0000006254500000,0x0000006254600000)]
  0x0000016fc00b7590 JavaThread "Finalizer" daemon [_thread_blocked, id=1448, stack(0x0000006254600000,0x0000006254700000)]
  0x0000016fc00c9f50 JavaThread "Signal Dispatcher" daemon [_thread_blocked, id=8608, stack(0x0000006254700000,0x0000006254800000)]
=>0x0000016fc00cc820 JavaThread "Attach Listener" daemon [_thread_in_vm, id=660, stack(0x0000006254800000,0x0000006254900000)]
  0x0000016fc00d10f0 JavaThread "Service Thread" daemon [_thread_blocked, id=15484, stack(0x0000006254900000,0x0000006254a00000)]
  0x0000016fc00d2150 JavaThread "Monitor Deflation Thread" daemon [_thread_blocked, id=6852, stack(0x0000006254a00000,0x0000006254b00000)]
  0x0000016fc00d4270 JavaThread "C1 CompilerThread0" daemon [_thread_blocked, id=9316, stack(0x0000006254b00000,0x0000006254c00000)]
  0x0000016fc00d8810 JavaThread "Sweeper thread" daemon [_thread_blocked, id=9548, stack(0x0000006254c00000,0x0000006254d00000)]
  0x0000016fc0c87430 JavaThread "Common-Cleaner" daemon [_thread_blocked, id=15720, stack(0x0000006254d00000,0x0000006254e00000)]
  0x0000016fc0ce4d40 JavaThread "JDWP Transport Listener: dt_socket" daemon [_thread_blocked, id=11780, stack(0x0000006255000000,0x0000006255100000)]
  0x0000016fc0ce9180 JavaThread "JDWP Event Helper Thread" daemon [_thread_blocked, id=16028, stack(0x0000006255100000,0x0000006255200000)]
  0x0000016fc0ce9670 JavaThread "JDWP Command Reader" daemon [_thread_in_native, id=15028, stack(0x0000006255200000,0x0000006255300000)]
  0x0000016fc0d0e970 JavaThread "Notification Thread" daemon [_thread_blocked, id=15600, stack(0x0000006254f00000,0x0000006255000000)]
  0x0000016fc0d71910 JavaThread "C1 CompilerThread1" daemon [_thread_blocked, id=9640, stack(0x0000006254e00000,0x0000006254f00000)]

Other Threads:
  0x0000016fc00af970 VMThread "VM Thread" [stack: 0x0000006254400000,0x0000006254500000] [id=4952]
  0x0000016fadef8c10 GCTaskThread "GC Thread#0" [stack: 0x0000006253f00000,0x0000006254000000] [id=13592]
  0x0000016fadf51b20 ConcurrentGCThread "G1 Main Marker" [stack: 0x0000006254000000,0x0000006254100000] [id=15432]
  0x0000016fadf532f0 ConcurrentGCThread "G1 Conc#0" [stack: 0x0000006254100000,0x0000006254200000] [id=13540]
  0x0000016fbff740e0 ConcurrentGCThread "G1 Refine#0" [stack: 0x0000006254200000,0x0000006254300000] [id=14244]
  0x0000016fbff748b0 ConcurrentGCThread "G1 Service" [stack: 0x0000006254300000,0x0000006254400000] [id=15396]

Threads with active compile tasks:

VM state: not at safepoint (normal execution)

VM Mutex/Monitor currently owned by a thread:  ([mutex/lock_event])
[0x0000016fadee1340] CDSClassFileStream_lock - owner thread: 0x0000016fc00cc820

Heap address: 0x0000000081a00000, size: 2022 MB, Compressed Oops mode: 32-bit

CDS archive(s) mapped at: [0x0000000800000000-0x0000000800bc0000-0x0000000800bc0000), size 12320768, SharedBaseAddress: 0x0000000800000000, ArchiveRelocationMode: 0.
Compressed class space mapped at: 0x0000000800c00000-0x0000000840c00000, reserved size: 1073741824
Narrow klass base: 0x0000000800000000, Narrow klass shift: 0, Narrow klass range: 0x100000000

GC Precious Log:
 CPUs: 8 total, 8 available
 Memory: 8083M
 Large Page Support: Disabled
 NUMA Support: Disabled
 Compressed Oops: Enabled (32-bit)
 Heap Region Size: 1M
 Heap Min Capacity: 8M
 Heap Initial Capacity: 128M
 Heap Max Capacity: 2022M
 Pre-touch: Disabled
 Parallel Workers: 8
 Concurrent Workers: 2
 Concurrent Refinement Workers: 8
 Periodic GC: Disabled

Heap:
 garbage-first heap   total 131072K, used 3072K [0x0000000081a00000, 0x0000000100000000)
  region size 1024K, 5 young (5120K), 0 survivors (0K)
 Metaspace       used 403K, committed 576K, reserved 1056768K
  class space    used 29K, committed 128K, reserved 1048576K

Heap Regions: E=young(eden), S=young(survivor), O=old, HS=humongous(starts), HC=humongous(continues), CS=collection set, F=free, OA=open archive, CA=closed archive, TAMS=top-at-mark-start (previous, next)
|   0|0x0000000081a00000, 0x0000000081a00000, 0x0000000081b00000|  0%| F|  |TAMS 0x0000000081a00000, 0x0000000081a00000| Untracked 
|   1|0x0000000081b00000, 0x0000000081b00000, 0x0000000081c00000|  0%| F|  |TAMS 0x0000000081b00000, 0x0000000081b00000| Untracked 
|   2|0x0000000081c00000, 0x0000000081c00000, 0x0000000081d00000|  0%| F|  |TAMS 0x0000000081c00000, 0x0000000081c00000| Untracked 
|   3|0x0000000081d00000, 0x0000000081d00000, 0x0000000081e00000|  0%| F|  |TAMS 0x0000000081d00000, 0x0000000081d00000| Untracked 
|   4|0x0000000081e00000, 0x0000000081e00000, 0x0000000081f00000|  0%| F|  |TAMS 0x0000000081e00000, 0x0000000081e00000| Untracked 
|   5|0x0000000081f00000, 0x0000000081f00000, 0x0000000082000000|  0%| F|  |TAMS 0x0000000081f00000, 0x0000000081f00000| Untracked 
|   6|0x0000000082000000, 0x0000000082000000, 0x0000000082100000|  0%| F|  |TAMS 0x0000000082000000, 0x0000000082000000| Untracked 
|   7|0x0000000082100000, 0x0000000082100000, 0x0000000082200000|  0%| F|  |TAMS 0x0000000082100000, 0x0000000082100000| Untracked 
|   8|0x0000000082200000, 0x0000000082200000, 0x0000000082300000|  0%| F|  |TAMS 0x0000000082200000, 0x0000000082200000| Untracked 
|   9|0x0000000082300000, 0x0000000082300000, 0x0000000082400000|  0%| F|  |TAMS 0x0000000082300000, 0x0000000082300000| Untracked 
|  10|0x0000000082400000, 0x0000000082400000, 0x0000000082500000|  0%| F|  |TAMS 0x0000000082400000, 0x0000000082400000| Untracked 
|  11|0x0000000082500000, 0x0000000082500000, 0x0000000082600000|  0%| F|  |TAMS 0x0000000082500000, 0x0000000082500000| Untracked 
|  12|0x0000000082600000, 0x0000000082600000, 0x0000000082700000|  0%| F|  |TAMS 0x0000000082600000, 0x0000000082600000| Untracked 
|  13|0x0000000082700000, 0x0000000082700000, 0x0000000082800000|  0%| F|  |TAMS 0x0000000082700000, 0x0000000082700000| Untracked 
|  14|0x0000000082800000, 0x0000000082800000, 0x0000000082900000|  0%| F|  |TAMS 0x0000000082800000, 0x0000000082800000| Untracked 
|  15|0x0000000082900000, 0x0000000082900000, 0x0000000082a00000|  0%| F|  |TAMS 0x0000000082900000, 0x0000000082900000| Untracked 
|  16|0x0000000082a00000, 0x0000000082a00000, 0x0000000082b00000|  0%| F|  |TAMS 0x0000000082a00000, 0x0000000082a00000| Untracked 
|  17|0x0000000082b00000, 0x0000000082b00000, 0x0000000082c00000|  0%| F|  |TAMS 0x0000000082b00000, 0x0000000082b00000| Untracked 
|  18|0x0000000082c00000, 0x0000000082c00000, 0x0000000082d00000|  0%| F|  |TAMS 0x0000000082c00000, 0x0000000082c00000| Untracked 
|  19|0x0000000082d00000, 0x0000000082d00000, 0x0000000082e00000|  0%| F|  |TAMS 0x0000000082d00000, 0x0000000082d00000| Untracked 
|  20|0x0000000082e00000, 0x0000000082e00000, 0x0000000082f00000|  0%| F|  |TAMS 0x0000000082e00000, 0x0000000082e00000| Untracked 
|  21|0x0000000082f00000, 0x0000000082f00000, 0x0000000083000000|  0%| F|  |TAMS 0x0000000082f00000, 0x0000000082f00000| Untracked 
|  22|0x0000000083000000, 0x0000000083000000, 0x0000000083100000|  0%| F|  |TAMS 0x0000000083000000, 0x0000000083000000| Untracked 
|  23|0x0000000083100000, 0x0000000083100000, 0x0000000083200000|  0%| F|  |TAMS 0x0000000083100000, 0x0000000083100000| Untracked 
|  24|0x0000000083200000, 0x0000000083200000, 0x0000000083300000|  0%| F|  |TAMS 0x0000000083200000, 0x0000000083200000| Untracked 
|  25|0x0000000083300000, 0x0000000083300000, 0x0000000083400000|  0%| F|  |TAMS 0x0000000083300000, 0x0000000083300000| Untracked 
|  26|0x0000000083400000, 0x0000000083400000, 0x0000000083500000|  0%| F|  |TAMS 0x0000000083400000, 0x0000000083400000| Untracked 
|  27|0x0000000083500000, 0x0000000083500000, 0x0000000083600000|  0%| F|  |TAMS 0x0000000083500000, 0x0000000083500000| Untracked 
|  28|0x0000000083600000, 0x0000000083600000, 0x0000000083700000|  0%| F|  |TAMS 0x0000000083600000, 0x0000000083600000| Untracked 
|  29|0x0000000083700000, 0x0000000083700000, 0x0000000083800000|  0%| F|  |TAMS 0x0000000083700000, 0x0000000083700000| Untracked 
|  30|0x0000000083800000, 0x0000000083800000, 0x0000000083900000|  0%| F|  |TAMS 0x0000000083800000, 0x0000000083800000| Untracked 
|  31|0x0000000083900000, 0x0000000083900000, 0x0000000083a00000|  0%| F|  |TAMS 0x0000000083900000, 0x0000000083900000| Untracked 
|  32|0x0000000083a00000, 0x0000000083a00000, 0x0000000083b00000|  0%| F|  |TAMS 0x0000000083a00000, 0x0000000083a00000| Untracked 
|  33|0x0000000083b00000, 0x0000000083b00000, 0x0000000083c00000|  0%| F|  |TAMS 0x0000000083b00000, 0x0000000083b00000| Untracked 
|  34|0x0000000083c00000, 0x0000000083c00000, 0x0000000083d00000|  0%| F|  |TAMS 0x0000000083c00000, 0x0000000083c00000| Untracked 
|  35|0x0000000083d00000, 0x0000000083d00000, 0x0000000083e00000|  0%| F|  |TAMS 0x0000000083d00000, 0x0000000083d00000| Untracked 
|  36|0x0000000083e00000, 0x0000000083e00000, 0x0000000083f00000|  0%| F|  |TAMS 0x0000000083e00000, 0x0000000083e00000| Untracked 
|  37|0x0000000083f00000, 0x0000000083f00000, 0x0000000084000000|  0%| F|  |TAMS 0x0000000083f00000, 0x0000000083f00000| Untracked 
|  38|0x0000000084000000, 0x0000000084000000, 0x0000000084100000|  0%| F|  |TAMS 0x0000000084000000, 0x0000000084000000| Untracked 
|  39|0x0000000084100000, 0x0000000084100000, 0x0000000084200000|  0%| F|  |TAMS 0x0000000084100000, 0x0000000084100000| Untracked 
|  40|0x0000000084200000, 0x0000000084200000, 0x0000000084300000|  0%| F|  |TAMS 0x0000000084200000, 0x0000000084200000| Untracked 
|  41|0x0000000084300000, 0x0000000084300000, 0x0000000084400000|  0%| F|  |TAMS 0x0000000084300000, 0x0000000084300000| Untracked 
|  42|0x0000000084400000, 0x0000000084400000, 0x0000000084500000|  0%| F|  |TAMS 0x0000000084400000, 0x0000000084400000| Untracked 
|  43|0x0000000084500000, 0x0000000084500000, 0x0000000084600000|  0%| F|  |TAMS 0x0000000084500000, 0x0000000084500000| Untracked 
|  44|0x0000000084600000, 0x0000000084600000, 0x0000000084700000|  0%| F|  |TAMS 0x0000000084600000, 0x0000000084600000| Untracked 
|  45|0x0000000084700000, 0x0000000084700000, 0x0000000084800000|  0%| F|  |TAMS 0x0000000084700000, 0x0000000084700000| Untracked 
|  46|0x0000000084800000, 0x0000000084800000, 0x0000000084900000|  0%| F|  |TAMS 0x0000000084800000, 0x0000000084800000| Untracked 
|  47|0x0000000084900000, 0x0000000084900000, 0x0000000084a00000|  0%| F|  |TAMS 0x0000000084900000, 0x0000000084900000| Untracked 
|  48|0x0000000084a00000, 0x0000000084a00000, 0x0000000084b00000|  0%| F|  |TAMS 0x0000000084a00000, 0x0000000084a00000| Untracked 
|  49|0x0000000084b00000, 0x0000000084b00000, 0x0000000084c00000|  0%| F|  |TAMS 0x0000000084b00000, 0x0000000084b00000| Untracked 
|  50|0x0000000084c00000, 0x0000000084c00000, 0x0000000084d00000|  0%| F|  |TAMS 0x0000000084c00000, 0x0000000084c00000| Untracked 
|  51|0x0000000084d00000, 0x0000000084d00000, 0x0000000084e00000|  0%| F|  |TAMS 0x0000000084d00000, 0x0000000084d00000| Untracked 
|  52|0x0000000084e00000, 0x0000000084e00000, 0x0000000084f00000|  0%| F|  |TAMS 0x0000000084e00000, 0x0000000084e00000| Untracked 
|  53|0x0000000084f00000, 0x0000000084f00000, 0x0000000085000000|  0%| F|  |TAMS 0x0000000084f00000, 0x0000000084f00000| Untracked 
|  54|0x0000000085000000, 0x0000000085000000, 0x0000000085100000|  0%| F|  |TAMS 0x0000000085000000, 0x0000000085000000| Untracked 
|  55|0x0000000085100000, 0x0000000085100000, 0x0000000085200000|  0%| F|  |TAMS 0x0000000085100000, 0x0000000085100000| Untracked 
|  56|0x0000000085200000, 0x0000000085200000, 0x0000000085300000|  0%| F|  |TAMS 0x0000000085200000, 0x0000000085200000| Untracked 
|  57|0x0000000085300000, 0x0000000085300000, 0x0000000085400000|  0%| F|  |TAMS 0x0000000085300000, 0x0000000085300000| Untracked 
|  58|0x0000000085400000, 0x0000000085400000, 0x0000000085500000|  0%| F|  |TAMS 0x0000000085400000, 0x0000000085400000| Untracked 
|  59|0x0000000085500000, 0x0000000085500000, 0x0000000085600000|  0%| F|  |TAMS 0x0000000085500000, 0x0000000085500000| Untracked 
|  60|0x0000000085600000, 0x0000000085600000, 0x0000000085700000|  0%| F|  |TAMS 0x0000000085600000, 0x0000000085600000| Untracked 
|  61|0x0000000085700000, 0x0000000085700000, 0x0000000085800000|  0%| F|  |TAMS 0x0000000085700000, 0x0000000085700000| Untracked 
|  62|0x0000000085800000, 0x0000000085800000, 0x0000000085900000|  0%| F|  |TAMS 0x0000000085800000, 0x0000000085800000| Untracked 
|  63|0x0000000085900000, 0x0000000085900000, 0x0000000085a00000|  0%| F|  |TAMS 0x0000000085900000, 0x0000000085900000| Untracked 
|  64|0x0000000085a00000, 0x0000000085a00000, 0x0000000085b00000|  0%| F|  |TAMS 0x0000000085a00000, 0x0000000085a00000| Untracked 
|  65|0x0000000085b00000, 0x0000000085b00000, 0x0000000085c00000|  0%| F|  |TAMS 0x0000000085b00000, 0x0000000085b00000| Untracked 
|  66|0x0000000085c00000, 0x0000000085c00000, 0x0000000085d00000|  0%| F|  |TAMS 0x0000000085c00000, 0x0000000085c00000| Untracked 
|  67|0x0000000085d00000, 0x0000000085d00000, 0x0000000085e00000|  0%| F|  |TAMS 0x0000000085d00000, 0x0000000085d00000| Untracked 
|  68|0x0000000085e00000, 0x0000000085e00000, 0x0000000085f00000|  0%| F|  |TAMS 0x0000000085e00000, 0x0000000085e00000| Untracked 
|  69|0x0000000085f00000, 0x0000000085f00000, 0x0000000086000000|  0%| F|  |TAMS 0x0000000085f00000, 0x0000000085f00000| Untracked 
|  70|0x0000000086000000, 0x0000000086000000, 0x0000000086100000|  0%| F|  |TAMS 0x0000000086000000, 0x0000000086000000| Untracked 
|  71|0x0000000086100000, 0x0000000086100000, 0x0000000086200000|  0%| F|  |TAMS 0x0000000086100000, 0x0000000086100000| Untracked 
|  72|0x0000000086200000, 0x0000000086200000, 0x0000000086300000|  0%| F|  |TAMS 0x0000000086200000, 0x0000000086200000| Untracked 
|  73|0x0000000086300000, 0x0000000086300000, 0x0000000086400000|  0%| F|  |TAMS 0x0000000086300000, 0x0000000086300000| Untracked 
|  74|0x0000000086400000, 0x0000000086400000, 0x0000000086500000|  0%| F|  |TAMS 0x0000000086400000, 0x0000000086400000| Untracked 
|  75|0x0000000086500000, 0x0000000086500000, 0x0000000086600000|  0%| F|  |TAMS 0x0000000086500000, 0x0000000086500000| Untracked 
|  76|0x0000000086600000, 0x0000000086600000, 0x0000000086700000|  0%| F|  |TAMS 0x0000000086600000, 0x0000000086600000| Untracked 
|  77|0x0000000086700000, 0x0000000086700000, 0x0000000086800000|  0%| F|  |TAMS 0x0000000086700000, 0x0000000086700000| Untracked 
|  78|0x0000000086800000, 0x0000000086800000, 0x0000000086900000|  0%| F|  |TAMS 0x0000000086800000, 0x0000000086800000| Untracked 
|  79|0x0000000086900000, 0x0000000086900000, 0x0000000086a00000|  0%| F|  |TAMS 0x0000000086900000, 0x0000000086900000| Untracked 
|  80|0x0000000086a00000, 0x0000000086a00000, 0x0000000086b00000|  0%| F|  |TAMS 0x0000000086a00000, 0x0000000086a00000| Untracked 
|  81|0x0000000086b00000, 0x0000000086b00000, 0x0000000086c00000|  0%| F|  |TAMS 0x0000000086b00000, 0x0000000086b00000| Untracked 
|  82|0x0000000086c00000, 0x0000000086c00000, 0x0000000086d00000|  0%| F|  |TAMS 0x0000000086c00000, 0x0000000086c00000| Untracked 
|  83|0x0000000086d00000, 0x0000000086d00000, 0x0000000086e00000|  0%| F|  |TAMS 0x0000000086d00000, 0x0000000086d00000| Untracked 
|  84|0x0000000086e00000, 0x0000000086e00000, 0x0000000086f00000|  0%| F|  |TAMS 0x0000000086e00000, 0x0000000086e00000| Untracked 
|  85|0x0000000086f00000, 0x0000000086f00000, 0x0000000087000000|  0%| F|  |TAMS 0x0000000086f00000, 0x0000000086f00000| Untracked 
|  86|0x0000000087000000, 0x0000000087000000, 0x0000000087100000|  0%| F|  |TAMS 0x0000000087000000, 0x0000000087000000| Untracked 
|  87|0x0000000087100000, 0x0000000087100000, 0x0000000087200000|  0%| F|  |TAMS 0x0000000087100000, 0x0000000087100000| Untracked 
|  88|0x0000000087200000, 0x0000000087200000, 0x0000000087300000|  0%| F|  |TAMS 0x0000000087200000, 0x0000000087200000| Untracked 
|  89|0x0000000087300000, 0x0000000087300000, 0x0000000087400000|  0%| F|  |TAMS 0x0000000087300000, 0x0000000087300000| Untracked 
|  90|0x0000000087400000, 0x0000000087400000, 0x0000000087500000|  0%| F|  |TAMS 0x0000000087400000, 0x0000000087400000| Untracked 
|  91|0x0000000087500000, 0x0000000087500000, 0x0000000087600000|  0%| F|  |TAMS 0x0000000087500000, 0x0000000087500000| Untracked 
|  92|0x0000000087600000, 0x0000000087600000, 0x0000000087700000|  0%| F|  |TAMS 0x0000000087600000, 0x0000000087600000| Untracked 
|  93|0x0000000087700000, 0x0000000087700000, 0x0000000087800000|  0%| F|  |TAMS 0x0000000087700000, 0x0000000087700000| Untracked 
|  94|0x0000000087800000, 0x0000000087800000, 0x0000000087900000|  0%| F|  |TAMS 0x0000000087800000, 0x0000000087800000| Untracked 
|  95|0x0000000087900000, 0x0000000087900000, 0x0000000087a00000|  0%| F|  |TAMS 0x0000000087900000, 0x0000000087900000| Untracked 
|  96|0x0000000087a00000, 0x0000000087a00000, 0x0000000087b00000|  0%| F|  |TAMS 0x0000000087a00000, 0x0000000087a00000| Untracked 
|  97|0x0000000087b00000, 0x0000000087b00000, 0x0000000087c00000|  0%| F|  |TAMS 0x0000000087b00000, 0x0000000087b00000| Untracked 
|  98|0x0000000087c00000, 0x0000000087c00000, 0x0000000087d00000|  0%| F|  |TAMS 0x0000000087c00000, 0x0000000087c00000| Untracked 
|  99|0x0000000087d00000, 0x0000000087d00000, 0x0000000087e00000|  0%| F|  |TAMS 0x0000000087d00000, 0x0000000087d00000| Untracked 
| 100|0x0000000087e00000, 0x0000000087e00000, 0x0000000087f00000|  0%| F|  |TAMS 0x0000000087e00000, 0x0000000087e00000| Untracked 
| 101|0x0000000087f00000, 0x0000000087f00000, 0x0000000088000000|  0%| F|  |TAMS 0x0000000087f00000, 0x0000000087f00000| Untracked 
| 102|0x0000000088000000, 0x0000000088000000, 0x0000000088100000|  0%| F|  |TAMS 0x0000000088000000, 0x0000000088000000| Untracked 
| 103|0x0000000088100000, 0x0000000088100000, 0x0000000088200000|  0%| F|  |TAMS 0x0000000088100000, 0x0000000088100000| Untracked 
| 104|0x0000000088200000, 0x0000000088200000, 0x0000000088300000|  0%| F|  |TAMS 0x0000000088200000, 0x0000000088200000| Untracked 
| 105|0x0000000088300000, 0x0000000088300000, 0x0000000088400000|  0%| F|  |TAMS 0x0000000088300000, 0x0000000088300000| Untracked 
| 106|0x0000000088400000, 0x0000000088400000, 0x0000000088500000|  0%| F|  |TAMS 0x0000000088400000, 0x0000000088400000| Untracked 
| 107|0x0000000088500000, 0x0000000088500000, 0x0000000088600000|  0%| F|  |TAMS 0x0000000088500000, 0x0000000088500000| Untracked 
| 108|0x0000000088600000, 0x0000000088600000, 0x0000000088700000|  0%| F|  |TAMS 0x0000000088600000, 0x0000000088600000| Untracked 
| 109|0x0000000088700000, 0x0000000088700000, 0x0000000088800000|  0%| F|  |TAMS 0x0000000088700000, 0x0000000088700000| Untracked 
| 110|0x0000000088800000, 0x0000000088800000, 0x0000000088900000|  0%| F|  |TAMS 0x0000000088800000, 0x0000000088800000| Untracked 
| 111|0x0000000088900000, 0x0000000088900000, 0x0000000088a00000|  0%| F|  |TAMS 0x0000000088900000, 0x0000000088900000| Untracked 
| 112|0x0000000088a00000, 0x0000000088a00000, 0x0000000088b00000|  0%| F|  |TAMS 0x0000000088a00000, 0x0000000088a00000| Untracked 
| 113|0x0000000088b00000, 0x0000000088b00000, 0x0000000088c00000|  0%| F|  |TAMS 0x0000000088b00000, 0x0000000088b00000| Untracked 
| 114|0x0000000088c00000, 0x0000000088c00000, 0x0000000088d00000|  0%| F|  |TAMS 0x0000000088c00000, 0x0000000088c00000| Untracked 
| 115|0x0000000088d00000, 0x0000000088d00000, 0x0000000088e00000|  0%| F|  |TAMS 0x0000000088d00000, 0x0000000088d00000| Untracked 
| 116|0x0000000088e00000, 0x0000000088e00000, 0x0000000088f00000|  0%| F|  |TAMS 0x0000000088e00000, 0x0000000088e00000| Untracked 
| 117|0x0000000088f00000, 0x0000000088f00000, 0x0000000089000000|  0%| F|  |TAMS 0x0000000088f00000, 0x0000000088f00000| Untracked 
| 118|0x0000000089000000, 0x0000000089000000, 0x0000000089100000|  0%| F|  |TAMS 0x0000000089000000, 0x0000000089000000| Untracked 
| 119|0x0000000089100000, 0x0000000089100000, 0x0000000089200000|  0%| F|  |TAMS 0x0000000089100000, 0x0000000089100000| Untracked 
| 120|0x0000000089200000, 0x0000000089200000, 0x0000000089300000|  0%| F|  |TAMS 0x0000000089200000, 0x0000000089200000| Untracked 
| 121|0x0000000089300000, 0x0000000089300000, 0x0000000089400000|  0%| F|  |TAMS 0x0000000089300000, 0x0000000089300000| Untracked 
| 122|0x0000000089400000, 0x0000000089400000, 0x0000000089500000|  0%| F|  |TAMS 0x0000000089400000, 0x0000000089400000| Untracked 
| 123|0x0000000089500000, 0x000000008958e580, 0x0000000089600000| 55%| E|  |TAMS 0x0000000089500000, 0x0000000089500000| Complete 
| 124|0x0000000089600000, 0x0000000089700000, 0x0000000089700000|100%| E|  |TAMS 0x0000000089600000, 0x0000000089600000| Complete 
| 125|0x0000000089700000, 0x0000000089800000, 0x0000000089800000|100%| E|CS|TAMS 0x0000000089700000, 0x0000000089700000| Complete 
| 126|0x0000000089800000, 0x0000000089900000, 0x0000000089900000|100%| E|CS|TAMS 0x0000000089800000, 0x0000000089800000| Complete 
| 127|0x0000000089900000, 0x0000000089a00000, 0x0000000089a00000|100%| E|CS|TAMS 0x0000000089900000, 0x0000000089900000| Complete 

Card table byte_map: [0x0000016fb8ee0000,0x0000016fb92e0000] _byte_map_base: 0x0000016fb8ad3000

Marking Bits (Prev, Next): (CMBitMap*) 0x0000016fadf3ebb0, (CMBitMap*) 0x0000016fadf3ebf0
 Prev Bits: [0x0000016fb96e0000, 0x0000016fbb678000)
 Next Bits: [0x0000016fbb680000, 0x0000016fbd618000)

Polling page: 0x0000016fabe90000

Metaspace:

Usage:
  Non-class:    375.17 KB used.
      Class:     29.89 KB used.
       Both:    405.06 KB used.

Virtual space:
  Non-class space:        8.00 MB reserved,     448.00 KB (  5%) committed,  1 nodes.
      Class space:        1.00 GB reserved,     128.00 KB ( <1%) committed,  1 nodes.
             Both:        1.01 GB reserved,     576.00 KB ( <1%) committed. 

Chunk freelists:
   Non-Class:  4.00 MB
       Class:  3.75 MB
        Both:  7.75 MB

MaxMetaspaceSize: unlimited
CompressedClassSpaceSize: 1.00 GB
Initial GC threshold: 21.00 MB
Current GC threshold: 21.00 MB
CDS: on
MetaspaceReclaimPolicy: balanced
 - commit_granule_bytes: 65536.
 - commit_granule_words: 8192.
 - virtual_space_node_default_size: 1048576.
 - enlarge_chunks_in_place: 1.
 - new_chunks_are_fully_committed: 0.
 - uncommit_free_chunks: 1.
 - use_allocation_guard: 0.
 - handle_deallocations: 1.


Internal statistics:

num_allocs_failed_limit: 0.
num_arena_births: 4.
num_arena_deaths: 0.
num_vsnodes_births: 2.
num_vsnodes_deaths: 0.
num_space_committed: 9.
num_space_uncommitted: 0.
num_chunks_returned_to_freelist: 0.
num_chunks_taken_from_freelist: 5.
num_chunk_merges: 0.
num_chunk_splits: 2.
num_chunks_enlarged: 1.
num_purges: 0.
num_inconsistent_stats: 0.

CodeCache: size=49152Kb used=1956Kb max_used=2427Kb free=47195Kb
 bounds [0x0000016fb59d0000, 0x0000016fb5c40000, 0x0000016fb89d0000]
 total_blobs=584 nmethods=222 adapters=289
 compilation: enabled
              stopped_count=0, restarted_count=0
 full_count=0

Compilation events (20 events):
Event: 9.822 Thread 0x0000016fc00d4270  173       1       java.lang.System::getSecurityManager (12 bytes)
Event: 9.822 Thread 0x0000016fc0c8fd40  174       1       java.lang.System::allowSecurityManager (13 bytes)
Event: 9.822 Thread 0x0000016fc0c8fd40 nmethod 174 0x0000016fb5c19190 code [0x0000016fb5c19320, 0x0000016fb5c193d8]
Event: 9.822 Thread 0x0000016fc00d4270 nmethod 173 0x0000016fb5c18e90 code [0x0000016fb5c19020, 0x0000016fb5c190d8]
Event: 9.822 Thread 0x0000016fc0c8fd40  175       1       java.lang.Math::max (11 bytes)
Event: 9.823 Thread 0x0000016fc0c8fd40 nmethod 175 0x0000016fb5c18b90 code [0x0000016fb5c18d20, 0x0000016fb5c18dd8]
Event: 9.823 Thread 0x0000016fc00d4270  176       1       java.lang.StringLatin1::replace (198 bytes)
Event: 9.823 Thread 0x0000016fc0c8fd40  177       1       java.lang.Class::getName (18 bytes)
Event: 9.823 Thread 0x0000016fc0c8fd40 nmethod 177 0x0000016fb5c18890 code [0x0000016fb5c18a20, 0x0000016fb5c18b28]
Event: 9.824 Thread 0x0000016fc0c8fd40  178       1       java.lang.StringConcatHelper::newArray (40 bytes)
Event: 9.824 Thread 0x0000016fc0c8fd40 nmethod 178 0x0000016fb5c18410 code [0x0000016fb5c185c0, 0x0000016fb5c187b8]
Event: 9.824 Thread 0x0000016fc0c8fd40  179       1       jdk.internal.misc.Unsafe::allocateUninitializedArray (55 bytes)
Event: 9.824 Thread 0x0000016fc0c8fd40 nmethod 179 0x0000016fb5c17890 code [0x0000016fb5c17a80, 0x0000016fb5c17db8]
Event: 9.824 Thread 0x0000016fc0c8fd40  180       1       jdk.internal.misc.Unsafe::allocateUninitializedArray0 (90 bytes)
Event: 9.824 Thread 0x0000016fc00d4270 nmethod 176 0x0000016fb5c16c10 code [0x0000016fb5c16e20, 0x0000016fb5c17498]
Event: 9.824 Thread 0x0000016fc00d4270  181       1       java.lang.String::replace (42 bytes)
Event: 9.824 Thread 0x0000016fc0c8fd40 nmethod 180 0x0000016fb5c16110 code [0x0000016fb5c16300, 0x0000016fb5c16ab8]
Event: 9.824 Thread 0x0000016fc0c8fd40  183       1       org.jetbrains.capture.org.objectweb.asm.Type::getInternalName (12 bytes)
Event: 9.824 Thread 0x0000016fc00d4270 nmethod 181 0x0000016fb5c15d10 code [0x0000016fb5c15ec0, 0x0000016fb5c16058]
Event: 9.824 Thread 0x0000016fc0c8fd40 nmethod 183 0x0000016fb5c15910 code [0x0000016fb5c15ac0, 0x0000016fb5c15bd8]

GC Heap History (0 events):
No events

Dll operation events (4 events):
Event: 1.772 Loaded shared library C:\Users\marti\.jdks\corretto-17.0.6\bin\java.dll
Event: 1.798 Loaded shared library C:\Users\marti\.jdks\corretto-17.0.6\bin\zip.dll
Event: 1.824 Loaded shared library C:\Users\marti\.jdks\corretto-17.0.6\bin\jsvml.dll
Event: 9.821 Loaded shared library C:\Users\marti\.jdks\corretto-17.0.6\bin\instrument.dll

Deoptimization events (0 events):
No events

Classes unloaded (0 events):
No events

Classes redefined (0 events):
No events

Internal exceptions (0 events):
No events

VM Operations (10 events):
Event: 1.879 Executing VM operation: HandshakeAllThreads
Event: 1.879 Executing VM operation: HandshakeAllThreads done
Event: 2.890 Executing VM operation: Cleanup
Event: 2.999 Executing VM operation: Cleanup done
Event: 2.999 Executing VM operation: ChangeBreakpoints
Event: 2.999 Executing VM operation: ChangeBreakpoints done
Event: 9.819 Executing VM operation: ChangeBreakpoints
Event: 9.819 Executing VM operation: ChangeBreakpoints done
Event: 9.820 Executing VM operation: ChangeBreakpoints
Event: 9.820 Executing VM operation: ChangeBreakpoints done

Events (20 events):
Event: 9.841 loading class com/intellij/rt/debugger/agent/CaptureStorage$1 done
Event: 9.841 loading class com/intellij/rt/debugger/agent/CollectionBreakpointInstrumentor
Event: 9.842 loading class com/intellij/rt/debugger/agent/CollectionBreakpointInstrumentor done
Event: 9.842 loading class com/intellij/rt/debugger/agent/CollectionBreakpointInstrumentor$ConcurrentIdentityHashMap
Event: 9.842 loading class com/intellij/rt/debugger/agent/CollectionBreakpointInstrumentor$ConcurrentIdentityHashMap done
Event: 9.884 loading class com/intellij/rt/debugger/agent/CollectionBreakpointInstrumentor$KnownMethodsSet
Event: 9.885 loading class com/intellij/rt/debugger/agent/CollectionBreakpointInstrumentor$KnownMethodsSet done
Event: 9.885 loading class com/intellij/rt/debugger/agent/CollectionBreakpointInstrumentor$ImmutableMethod
Event: 9.885 loading class com/intellij/rt/debugger/agent/CollectionBreakpointInstrumentor$KnownMethod
Event: 9.885 loading class com/intellij/rt/debugger/agent/CollectionBreakpointInstrumentor$KnownMethod done
Event: 9.885 loading class com/intellij/rt/debugger/agent/CollectionBreakpointInstrumentor$ImmutableMethod done
Event: 9.885 loading class com/intellij/rt/debugger/agent/CollectionBreakpointInstrumentor$ReturnsBooleanMethod
Event: 9.885 loading class com/intellij/rt/debugger/agent/CollectionBreakpointInstrumentor$ReturnsBooleanMethod done
Event: 9.885 loading class com/intellij/rt/debugger/agent/CollectionBreakpointInstrumentor$PutMethod
Event: 9.885 loading class com/intellij/rt/debugger/agent/CollectionBreakpointInstrumentor$PutMethod done
Event: 9.885 loading class com/intellij/rt/debugger/agent/CollectionBreakpointInstrumentor$RemoveKeyMethod
Event: 9.885 loading class com/intellij/rt/debugger/agent/CollectionBreakpointInstrumentor$RemoveKeyMethod done
Event: 9.885 loading class com/intellij/rt/debugger/agent/CollectionBreakpointInstrumentor$CollectionBreakpointTransformer
Event: 9.885 loading class com/intellij/rt/debugger/agent/CollectionBreakpointInstrumentor$CollectionBreakpointTransformer done
Event: 9.885 Thread 0x0000016fc0d0e970 Thread added: 0x0000016fc0d0e970


Dynamic libraries:
0x00007ff7adc10000 - 0x00007ff7adc1d000 	C:\Users\marti\.jdks\corretto-17.0.6\bin\java.exe
0x00007ffab5f70000 - 0x00007ffab6184000 	C:\WINDOWS\SYSTEM32\ntdll.dll
0x00007ffab56a0000 - 0x00007ffab5762000 	C:\WINDOWS\System32\KERNEL32.DLL
0x00007ffab3420000 - 0x00007ffab37bc000 	C:\WINDOWS\System32\KERNELBASE.dll
0x00007ffab37c0000 - 0x00007ffab38d1000 	C:\WINDOWS\System32\ucrtbase.dll
0x00007ffa931f0000 - 0x00007ffa93207000 	C:\Users\marti\.jdks\corretto-17.0.6\bin\jli.dll
0x00007ffa93210000 - 0x00007ffa93225000 	C:\Users\marti\.jdks\corretto-17.0.6\bin\VCRUNTIME140.dll
0x00007ffab5bb0000 - 0x00007ffab5d5b000 	C:\WINDOWS\System32\USER32.dll
0x00007ffab3ac0000 - 0x00007ffab3ae6000 	C:\WINDOWS\System32\win32u.dll
0x00007ffaa75c0000 - 0x00007ffaa784e000 	C:\WINDOWS\WinSxS\amd64_microsoft.windows.common-controls_6595b64144ccf1df_6.0.22621.608_none_a9444ca7c10bb01d\COMCTL32.dll
0x00007ffab5000000 - 0x00007ffab5029000 	C:\WINDOWS\System32\GDI32.dll
0x00007ffab58a0000 - 0x00007ffab5947000 	C:\WINDOWS\System32\msvcrt.dll
0x00007ffab3c60000 - 0x00007ffab3d73000 	C:\WINDOWS\System32\gdi32full.dll
0x00007ffab3a20000 - 0x00007ffab3aba000 	C:\WINDOWS\System32\msvcp_win.dll
0x00007ffab5660000 - 0x00007ffab5691000 	C:\WINDOWS\System32\IMM32.DLL
0x00007ffa83010000 - 0x00007ffa830ab000 	C:\Users\marti\.jdks\corretto-17.0.6\bin\msvcp140.dll
0x00007ffa51600000 - 0x00007ffa52218000 	C:\Users\marti\.jdks\corretto-17.0.6\bin\server\jvm.dll
0x00007ffab59e0000 - 0x00007ffab5a8e000 	C:\WINDOWS\System32\ADVAPI32.dll
0x00007ffab5b00000 - 0x00007ffab5ba4000 	C:\WINDOWS\System32\sechost.dll
0x00007ffab5d60000 - 0x00007ffab5e77000 	C:\WINDOWS\System32\RPCRT4.dll
0x00007ffaabaa0000 - 0x00007ffaabaa9000 	C:\WINDOWS\SYSTEM32\WSOCK32.dll
0x00007ffa9c7f0000 - 0x00007ffa9c824000 	C:\WINDOWS\SYSTEM32\WINMM.dll
0x00007ffaad030000 - 0x00007ffaad03a000 	C:\WINDOWS\SYSTEM32\VERSION.dll
0x00007ffab5e80000 - 0x00007ffab5ef1000 	C:\WINDOWS\System32\WS2_32.dll
0x00007ffab2400000 - 0x00007ffab2418000 	C:\WINDOWS\SYSTEM32\kernel.appcore.dll
0x00007ffaa9210000 - 0x00007ffaa921a000 	C:\Users\marti\.jdks\corretto-17.0.6\bin\jimage.dll
0x00007ffab10a0000 - 0x00007ffab12ce000 	C:\WINDOWS\SYSTEM32\DBGHELP.DLL
0x00007ffab52d0000 - 0x00007ffab5659000 	C:\WINDOWS\System32\combase.dll
0x00007ffab5030000 - 0x00007ffab5107000 	C:\WINDOWS\System32\OLEAUT32.dll
0x00007ffaaa0b0000 - 0x00007ffaaa0e2000 	C:\WINDOWS\SYSTEM32\dbgcore.DLL
0x00007ffab38e0000 - 0x00007ffab395b000 	C:\WINDOWS\System32\bcryptPrimitives.dll
0x00007ffa9a170000 - 0x00007ffa9a1a9000 	C:\Users\marti\.jdks\corretto-17.0.6\bin\jdwp.dll
0x00007ffaa8030000 - 0x00007ffaa803e000 	C:\Users\marti\.jdks\corretto-17.0.6\bin\instrument.dll
0x00007ffa92a80000 - 0x00007ffa92aa5000 	C:\Users\marti\.jdks\corretto-17.0.6\bin\java.dll
0x00007ffa91980000 - 0x00007ffa91998000 	C:\Users\marti\.jdks\corretto-17.0.6\bin\zip.dll
0x00007ffa71810000 - 0x00007ffa718e6000 	C:\Users\marti\.jdks\corretto-17.0.6\bin\jsvml.dll
0x00007ffab45a0000 - 0x00007ffab4d90000 	C:\WINDOWS\System32\SHELL32.dll
0x00007ffab13c0000 - 0x00007ffab1c8d000 	C:\WINDOWS\SYSTEM32\windows.storage.dll
0x00007ffab0eb0000 - 0x00007ffab0fee000 	C:\WINDOWS\SYSTEM32\wintypes.dll
0x00007ffab43e0000 - 0x00007ffab44d1000 	C:\WINDOWS\System32\SHCORE.dll
0x00007ffab44e0000 - 0x00007ffab453e000 	C:\WINDOWS\System32\shlwapi.dll
0x00007ffab32e0000 - 0x00007ffab3301000 	C:\WINDOWS\SYSTEM32\profapi.dll
0x00007ffa9cc50000 - 0x00007ffa9cc5c000 	C:\Users\marti\.jdks\corretto-17.0.6\bin\dt_socket.dll
0x00007ffab1ee0000 - 0x00007ffab1f0d000 	C:\WINDOWS\SYSTEM32\IPHLPAPI.DLL
0x00007ffab2870000 - 0x00007ffab28d9000 	C:\WINDOWS\system32\mswsock.dll
0x00007ffa91c90000 - 0x00007ffa91ca9000 	C:\Users\marti\.jdks\corretto-17.0.6\bin\net.dll
0x00007ffaac430000 - 0x00007ffaac567000 	C:\WINDOWS\SYSTEM32\WINHTTP.dll
0x00007ffa919a0000 - 0x00007ffa919b5000 	C:\Users\marti\.jdks\corretto-17.0.6\bin\nio.dll

dbghelp: loaded successfully - version: 4.0.5 - missing functions: none
symbol engine: initialized successfully - sym options: 0x614 - pdb path: .;C:\Users\marti\.jdks\corretto-17.0.6\bin;C:\WINDOWS\SYSTEM32;C:\WINDOWS\WinSxS\amd64_microsoft.windows.common-controls_6595b64144ccf1df_6.0.22621.608_none_a9444ca7c10bb01d;C:\Users\marti\.jdks\corretto-17.0.6\bin\server

VM Arguments:
jvm_args: -agentlib:jdwp=transport=dt_socket,address=127.0.0.1:49992,suspend=y,server=n -XX:TieredStopAtLevel=1 -Dspring.output.ansi.enabled=always -Dcom.sun.management.jmxremote -Dspring.jmx.enabled=true -Dspring.liveBeansView.mbeanDomain -Dspring.application.admin.enabled=true -Dmanagement.endpoints.jmx.exposure.include=* -javaagent:C:\Users\marti\AppData\Local\JetBrains\IntelliJIdea2022.3\captureAgent\debugger-agent.jar -Dfile.encoding=UTF-8 
java_command: gerenciador.casadeFamilia.casadeFamilia.CasadeFamiliaApplication
java_class_path (initial): C:\Users\marti\Downloads\casadeFamilia(ATUALIZADO)\casadeFamilia\casadeFamilia\target\classes;C:\Users\marti\.m2\repository\org\springframework\boot\spring-boot-starter-data-jpa\3.0.5\spring-boot-starter-data-jpa-3.0.5.jar;C:\Users\marti\.m2\repository\org\springframework\boot\spring-boot-starter-aop\3.0.5\spring-boot-starter-aop-3.0.5.jar;C:\Users\marti\.m2\repository\org\springframework\spring-aop\6.0.7\spring-aop-6.0.7.jar;C:\Users\marti\.m2\repository\org\aspectj\aspectjweaver\1.9.19\aspectjweaver-1.9.19.jar;C:\Users\marti\.m2\repository\org\springframework\boot\spring-boot-starter-jdbc\3.0.5\spring-boot-starter-jdbc-3.0.5.jar;C:\Users\marti\.m2\repository\com\zaxxer\HikariCP\5.0.1\HikariCP-5.0.1.jar;C:\Users\marti\.m2\repository\org\springframework\spring-jdbc\6.0.7\spring-jdbc-6.0.7.jar;C:\Users\marti\.m2\repository\org\hibernate\orm\hibernate-core\6.1.7.Final\hibernate-core-6.1.7.Final.jar;C:\Users\marti\.m2\repository\jakarta\persistence\jakarta.persistence-api\3.1.0\jakarta.persistence-api-3.1.0.jar;C:\Users\marti\.m2\repository\jakarta\transaction\jakarta.transaction-api\2.0.1\jakarta.transaction-api-2.0.1.jar;C:\Users\marti\.m2\repository\org\jboss\logging\jboss-logging\3.5.0.Final\jboss-logging-3.5.0.Final.jar;C:\Users\marti\.m2\repository\org\hibernate\common\hibernate-commons-annotations\6.0.6.Final\hibernate-commons-annotations-6.0.6.Final.jar;C:\Users\marti\.m2\repository\org\jboss\jandex\2.4.2.Final\jandex-2.4.2.Final.jar;C:\Users\marti\.m2\repository\com\fasterxml\classmate\1.5.1\classmate-1.5.1.jar;C:\Users\marti\.m2\repository\net\bytebuddy\byte-buddy\1.12.23\byte-buddy-1.12.23.jar;C:\Users\marti\.m2\repository\org\glassfish\jaxb\jaxb-runtime\4.0.2\jaxb-runtime-4.0.2.jar;C:\Users\marti\.m2\repository\org\glassfish\jaxb\jaxb-core\4.0.2\jaxb-core-4.0.2.jar;C:\Users\marti\.m2\repository\org\eclipse\angus\angus-activation\2.0.0\angus-activation-2.0.0.jar;C:\Users\marti\.m2\repository\org\glassfish\jaxb\txw2\4.0.2\txw2-4.0
Launcher Type: SUN_STANDARD

[Global flags]
     intx CICompilerCount                          = 4                                         {product} {ergonomic}
     uint ConcGCThreads                            = 2                                         {product} {ergonomic}
     uint G1ConcRefinementThreads                  = 8                                         {product} {ergonomic}
   size_t G1HeapRegionSize                         = 1048576                                   {product} {ergonomic}
    uintx GCDrainStackTargetSize                   = 64                                        {product} {ergonomic}
   size_t InitialHeapSize                          = 134217728                                 {product} {ergonomic}
     bool ManagementServer                         = true                                      {product} {command line}
   size_t MarkStackSize                            = 4194304                                   {product} {ergonomic}
   size_t MaxHeapSize                              = 2120220672                                {product} {ergonomic}
   size_t MaxNewSize                               = 1271922688                                {product} {ergonomic}
   size_t MinHeapDeltaBytes                        = 1048576                                   {product} {ergonomic}
   size_t MinHeapSize                              = 8388608                                   {product} {ergonomic}
    uintx NonProfiledCodeHeapSize                  = 0                                      {pd product} {ergonomic}
     bool ProfileInterpreter                       = false                                  {pd product} {command line}
    uintx ProfiledCodeHeapSize                     = 0                                      {pd product} {ergonomic}
   size_t SoftMaxHeapSize                          = 2120220672                             {manageable} {ergonomic}
     intx TieredStopAtLevel                        = 1                                         {product} {command line}
     bool UseCompressedClassPointers               = true                           {product lp64_product} {ergonomic}
     bool UseCompressedOops                        = true                           {product lp64_product} {ergonomic}
     bool UseG1GC                                  = true                                      {product} {ergonomic}
     bool UseLargePagesIndividualAllocation        = false                                  {pd product} {ergonomic}

Logging:
Log output configuration:
 #0: stdout all=warning uptime,level,tags
 #1: stderr all=off uptime,level,tags

Environment Variables:
PATH=C:\Program Files\Common Files\Oracle\Java\javapath;C:\Program Files (x86)\Common Files\Oracle\Java\javapath;C:\ProgramData\Oracle\Java\javapath;C:\windows\system32;C:\windows;C:\windows\System32\Wbem;C:\windows\System32\WindowsPowerShell\v1.0\;C:\windows\System32\OpenSSH\;C:\Program Files (x86)\NVIDIA Corporation\PhysX\Common;C:\Program Files\nodejs\;C:\WINDOWS\system32;C:\WINDOWS;C:\WINDOWS\System32\Wbem;C:\WINDOWS\System32\WindowsPowerShell\v1.0\;C:\WINDOWS\System32\OpenSSH\;C:\Users\marti\AppData\Local\Programs\Python\Python311\Scripts\;C:\Users\marti\AppData\Local\Programs\Python\Python311\;C:\Users\marti\AppData\Local\Programs\Python\Python39\Scripts\;C:\Users\marti\AppData\Local\Programs\Python\Python39\;C:\Program Files\MySQL\MySQL Shell 8.0\bin\;C:\Users\marti\AppData\Local\Microsoft\WindowsApps;C:\Users\marti\AppData\Local\Programs\Microsoft VS Code\bin;C:\Users\marti\AppData\Roaming\npm;C:\Program Files\Java\jre1.8.0_251\bin;;C:\Program Files\JetBrains\PyCharm Community Edition 2022.2.3\bin;
USERNAME=marti
OS=Windows_NT
PROCESSOR_IDENTIFIER=Intel64 Family 6 Model 142 Stepping 12, GenuineIntel
TMP=C:\Users\marti\AppData\Local\Temp
TEMP=C:\Users\marti\AppData\Local\Temp



---------------  S Y S T E M  ---------------

OS:
 Windows 11 , 64 bit Build 22621 (10.0.22621.1485)
OS uptime: 0 days 1:07 hours

CPU: total 8 (initial active 8) (4 cores per cpu, 2 threads per core) family 6 model 142 stepping 12 microcode 0xde, cx8, cmov, fxsr, ht, mmx, 3dnowpref, sse, sse2, sse3, ssse3, sse4.1, sse4.2, popcnt, lzcnt, tsc, tscinvbit, avx, avx2, aes, erms, clmul, bmi1, bmi2, adx, fma, vzeroupper, clflush, clflushopt

Memory: 4k page, system-wide physical 8083M (292M free)
TotalPageFile size 14739M (AvailPageFile size 4106M)
current process WorkingSet (physical memory assigned to process): 34M, peak: 34M
current process commit charge ("private bytes"): 206M, peak: 206M

vm_info: OpenJDK 64-Bit Server VM (17.0.6+10-LTS) for windows-amd64 JRE (17.0.6+10-LTS), built on Jan 13 2023 22:57:04 by "Administrator" with MS VC++ 15.9 (VS2017)

END.
